ERSS/app/build/intermediates/manifest_merge_blame_file/debug/manifest-merger-blame-debug-report.txt
1<?xml version="1.0" encoding="utf-8"?>
2<manifest xmlns:android="http://schemas.android.com/apk/res/android"
3    package="com.project.erss"
4    android:versionCode="1"
5    android:versionName="1.0" >
6
7    <uses-sdk
8        android:minSdkVersion="26"
8-->src/main/AndroidManifest.xml
9        android:targetSdkVersion="26" />
9-->src/main/AndroidManifest.xml
10
11    <uses-permission android:name="android.permission.ACCESS_FINE_LOCATION" />
11-->src/main/AndroidManifest.xml:5:5-79
11-->src/main/AndroidManifest.xml:5:22-76
12    <uses-permission android:name="android.permission.BLUETOOTH" />
12-->src/main/AndroidManifest.xml:6:5-68
12-->src/main/AndroidManifest.xml:6:22-65
13    <uses-permission android:name="android.permission.BLUETOOTH_ADMIN" />
13-->src/main/AndroidManifest.xml:7:5-74
13-->src/main/AndroidManifest.xml:7:22-71
14    <uses-permission android:name="android.permission.SEND_SMS" />
14-->src/main/AndroidManifest.xml:8:5-67
14-->src/main/AndroidManifest.xml:8:22-64
15    <uses-permission android:name="android.permission.READ_CONTACTS" />
15-->src/main/AndroidManifest.xml:9:5-71
15-->src/main/AndroidManifest.xml:9:22-69
16
17    <uses-feature
17-->src/main/AndroidManifest.xml:10:5-89
18        android:name="android.hardware.bluetooth_le"
18-->src/main/AndroidManifest.xml:10:19-63
19        android:required="true" />
19-->src/main/AndroidManifest.xml:10:64-87
20
21    <application
21-->src/main/AndroidManifest.xml:11:5-53:19
22        android:allowBackup="true"
22-->src/main/AndroidManifest.xml:12:9-35
23        android:debuggable="true"
24        android:extractNativeLibs="false"
25        android:icon="@mipmap/ic_launcher"
25-->src/main/AndroidManifest.xml:13:9-43
26        android:label="@string/app_name"
26-->src/main/AndroidManifest.xml:14:9-41
27        android:roundIcon="@mipmap/ic_launcher_round"
27-->src/main/AndroidManifest.xml:15:9-54
28        android:supportsRtl="true"
28-->src/main/AndroidManifest.xml:16:9-35
29        android:testOnly="true"
30        android:theme="@style/Theme.ERSS" >
30-->src/main/AndroidManifest.xml:17:9-42
31        <activity
31-->src/main/AndroidManifest.xml:18:9-20:64
32            android:name="com.project.erss.UserInformation.UserInfoActivity"
32-->src/main/AndroidManifest.xml:19:13-61
33            android:label="@string/title_activity_user_info" />
33-->src/main/AndroidManifest.xml:20:13-61
34        <activity android:name="com.project.erss.MainActivity" >
34-->src/main/AndroidManifest.xml:22:9-28:20
34-->src/main/AndroidManifest.xml:22:19-47
35            <intent-filter>
35-->src/main/AndroidManifest.xml:23:13-27:29
36                <action android:name="android.intent.action.MAIN" />
36-->src/main/AndroidManifest.xml:24:17-69
36-->src/main/AndroidManifest.xml:24:25-66
37
38                <category android:name="android.intent.category.LAUNCHER" />
38-->src/main/AndroidManifest.xml:26:17-77
38-->src/main/AndroidManifest.xml:26:27-74
39            </intent-filter>
40        </activity>
41
42        <service
42-->src/main/AndroidManifest.xml:30:9-36:19
43            android:name="com.project.erss.BLE.BLEHelper"
43-->src/main/AndroidManifest.xml:31:13-58
44            android:enabled="true" >
44-->src/main/AndroidManifest.xml:32:13-35
45            <intent-filter>
45-->src/main/AndroidManifest.xml:33:13-35:29
46                <action android:name="com.project.erss.BLEHelper" />
46-->src/main/AndroidManifest.xml:34:17-69
46-->src/main/AndroidManifest.xml:34:25-66
47            </intent-filter>
48        </service>
49        <service
49-->src/main/AndroidManifest.xml:38:9-46:19
50            android:name="com.project.erss.Messenger.ERSS_Messenger"
50-->src/main/AndroidManifest.xml:39:13-69
51            android:enabled="true"
51-->src/main/AndroidManifest.xml:40:13-35
52            android:exported="true" >
52-->src/main/AndroidManifest.xml:41:13-36
53            <intent-filter>
53-->src/main/AndroidManifest.xml:42:13-45:29
54                <action android:name="android.intent.action.SEND_MULTIPLE" />
54-->src/main/AndroidManifest.xml:43:17-78
54-->src/main/AndroidManifest.xml:43:25-75
55
56                <data android:mimeType="text/plain" />
56-->src/main/AndroidManifest.xml:44:17-55
56-->src/main/AndroidManifest.xml:44:23-52
57            </intent-filter>
58        </service>
59
60        <receiver android:name="com.project.erss.BLE.BLERestarter" >
60-->src/main/AndroidManifest.xml:48:9-52:20
60-->src/main/AndroidManifest.xml:48:19-67
61            <intent-filter>
61-->src/main/AndroidManifest.xml:33:13-35:29
62                <action android:name="com.project.erss.BLEHelper" />
62-->src/main/AndroidManifest.xml:34:17-69
62-->src/main/AndroidManifest.xml:34:25-66
63            </intent-filter>
64        </receiver>
65
66        <meta-data
66-->[com.android.support:design:26.1.0] AndroidManifest.xml:26:9-28:38
67            android:name="android.support.VERSION"
67-->[com.android.support:design:26.1.0] AndroidManifest.xml:27:13-51
68            android:value="26.1.0" />
68-->[com.android.support:design:26.1.0] AndroidManifest.xml:28:13-35
69        <meta-data
69-->[android.arch.lifecycle:runtime:1.0.0] AndroidManifest.xml:25:9-27:47
70            android:name="android.arch.lifecycle.VERSION"
70-->[android.arch.lifecycle:runtime:1.0.0] AndroidManifest.xml:26:13-58
71            android:value="27.0.0-SNAPSHOT" />
71-->[android.arch.lifecycle:runtime:1.0.0] AndroidManifest.xml:27:13-44
72    </application>
73
74</manifest>